# JRE version: OpenJDK Runtime Environment Corretto-11.0.15.9.1 (11.0.15+9) (build 11.0.15+9-LTS)
# Java VM: OpenJDK 64-Bit Server VM Corretto-11.0.15.9.1 (11.0.15+9-LTS, mixed mode, tiered, compressed oops, g1 gc, windows-amd64)
Heap:
 garbage-first heap   total 275456K, used 15710K [0x0000000721000000, 0x0000000800000000)
  region size 1024K, 10 young (10240K), 10 survivors (10240K)
 Metaspace       used 34599K, capacity 35933K, committed 36048K, reserved 1081344K
  class space    used 4267K, capacity 4834K, committed 4896K, reserved 1048576K
GC Heap History (9 events):
Event: 0.679 GC heap before
{Heap before GC invocations=0 (full 0):
 garbage-first heap   total 229376K, used 15360K [0x0000000721000000, 0x0000000800000000)
  region size 1024K, 14 young (14336K), 0 survivors (0K)
 Metaspace       used 12576K, capacity 12822K, committed 12928K, reserved 1060864K
  class space    used 1287K, capacity 1402K, committed 1408K, reserved 1048576K
}
Event: 0.683 GC heap after
{Heap after GC invocations=1 (full 0):
 garbage-first heap   total 229376K, used 6034K [0x0000000721000000, 0x0000000800000000)
  region size 1024K, 2 young (2048K), 2 survivors (2048K)
 Metaspace       used 12576K, capacity 12822K, committed 12928K, reserved 1060864K
  class space    used 1287K, capacity 1402K, committed 1408K, reserved 1048576K
}
Event: 0.988 GC heap before
{Heap before GC invocations=1 (full 0):
 garbage-first heap   total 229376K, used 28562K [0x0000000721000000, 0x0000000800000000)
  region size 1024K, 24 young (24576K), 2 survivors (2048K)
 Metaspace       used 16391K, capacity 16804K, committed 17152K, reserved 1064960K
  class space    used 1759K, capacity 1929K, committed 2048K, reserved 1048576K
}
Event: 0.992 GC heap after
{Heap after GC invocations=2 (full 0):
 garbage-first heap   total 229376K, used 7523K [0x0000000721000000, 0x0000000800000000)
  region size 1024K, 2 young (2048K), 2 survivors (2048K)
 Metaspace       used 16391K, capacity 16804K, committed 17152K, reserved 1064960K
  class space    used 1759K, capacity 1929K, committed 2048K, reserved 1048576K
}
Event: 1.227 GC heap before
{Heap before GC invocations=2 (full 0):
 garbage-first heap   total 229376K, used 33123K [0x0000000721000000, 0x0000000800000000)
  region size 1024K, 28 young (28672K), 2 survivors (2048K)
 Metaspace       used 20442K, capacity 21185K, committed 21296K, reserved 1069056K
  class space    used 2374K, capacity 2670K, committed 2688K, reserved 1048576K
}
Event: 1.230 GC heap after
{Heap after GC invocations=3 (full 0):
 garbage-first heap   total 229376K, used 9042K [0x0000000721000000, 0x0000000800000000)
  region size 1024K, 3 young (3072K), 3 survivors (3072K)
 Metaspace       used 20442K, capacity 21185K, committed 21296K, reserved 1069056K
  class space    used 2374K, capacity 2670K, committed 2688K, reserved 1048576K
}
Event: 1.593 GC heap before
{Heap before GC invocations=4 (full 0):
 garbage-first heap   total 229376K, used 53074K [0x0000000721000000, 0x0000000800000000)
  region size 1024K, 47 young (48128K), 3 survivors (3072K)
 Metaspace       used 25553K, capacity 26475K, committed 26620K, reserved 1073152K
  class space    used 3014K, capacity 3348K, committed 3404K, reserved 1048576K
}
Event: 1.597 GC heap after
{Heap after GC invocations=5 (full 0):
 garbage-first heap   total 229376K, used 10910K [0x0000000721000000, 0x0000000800000000)
  region size 1024K, 5 young (5120K), 5 survivors (5120K)
 Metaspace       used 25553K, capacity 26475K, committed 26620K, reserved 1073152K
  class space    used 3014K, capacity 3348K, committed 3404K, reserved 1048576K
}
Event: 2.674 GC heap before
{Heap before GC invocations=5 (full 0):
 garbage-first heap   total 229376K, used 112286K [0x0000000721000000, 0x0000000800000000)
  region size 1024K, 105 young (107520K), 5 survivors (5120K)
 Metaspace       used 34599K, capacity 35933K, committed 36048K, reserved 1081344K
  class space    used 4267K, capacity 4834K, committed 4896K, reserved 1048576K
}

