# JRE version: OpenJDK Runtime Environment Corretto-11.0.15.9.1 (11.0.15+9) (build 11.0.15+9-LTS)
# Java VM: OpenJDK 64-Bit Server VM Corretto-11.0.15.9.1 (11.0.15+9-LTS, mixed mode, tiered, compressed oops, g1 gc, windows-amd64)
Heap:
 garbage-first heap   total 275456K, used 17143K [0x0000000721000000, 0x0000000800000000)
  region size 1024K, 9 young (9216K), 9 survivors (9216K)
 Metaspace       used 40080K, capacity 41460K, committed 41500K, reserved 1095680K
  class space    used 4965K, capacity 5542K, committed 5580K, reserved 1048576K
GC Heap History (16 events):
Event: 0.583 GC heap before
{Heap before GC invocations=0 (full 0):
 garbage-first heap   total 229376K, used 15360K [0x0000000721000000, 0x0000000800000000)
  region size 1024K, 14 young (14336K), 0 survivors (0K)
 Metaspace       used 12582K, capacity 12822K, committed 12928K, reserved 1060864K
  class space    used 1287K, capacity 1402K, committed 1408K, reserved 1048576K
}
Event: 0.587 GC heap after
{Heap after GC invocations=1 (full 0):
 garbage-first heap   total 229376K, used 6066K [0x0000000721000000, 0x0000000800000000)
  region size 1024K, 2 young (2048K), 2 survivors (2048K)
 Metaspace       used 12582K, capacity 12822K, committed 12928K, reserved 1060864K
  class space    used 1287K, capacity 1402K, committed 1408K, reserved 1048576K
}
Event: 0.691 GC heap before
{Heap before GC invocations=1 (full 0):
 garbage-first heap   total 229376K, used 15282K [0x0000000721000000, 0x0000000800000000)
  region size 1024K, 11 young (11264K), 2 survivors (2048K)
 Metaspace       used 14206K, capacity 14595K, committed 14720K, reserved 1062912K
  class space    used 1483K, capacity 1634K, committed 1664K, reserved 1048576K
}
Event: 0.694 GC heap after
{Heap after GC invocations=2 (full 0):
 garbage-first heap   total 229376K, used 7019K [0x0000000721000000, 0x0000000800000000)
  region size 1024K, 1 young (1024K), 1 survivors (1024K)
 Metaspace       used 14206K, capacity 14595K, committed 14720K, reserved 1062912K
  class space    used 1483K, capacity 1634K, committed 1664K, reserved 1048576K
}
Event: 0.976 GC heap before
{Heap before GC invocations=2 (full 0):
 garbage-first heap   total 229376K, used 30571K [0x0000000721000000, 0x0000000800000000)
  region size 1024K, 25 young (25600K), 1 survivors (1024K)
 Metaspace       used 17940K, capacity 18486K, committed 18688K, reserved 1064960K
  class space    used 1992K, capacity 2199K, committed 2304K, reserved 1048576K
}
Event: 0.978 GC heap after
{Heap after GC invocations=3 (full 0):
 garbage-first heap   total 229376K, used 8169K [0x0000000721000000, 0x0000000800000000)
  region size 1024K, 2 young (2048K), 2 survivors (2048K)
 Metaspace       used 17940K, capacity 18486K, committed 18688K, reserved 1064960K
  class space    used 1992K, capacity 2199K, committed 2304K, reserved 1048576K
}
Event: 1.093 GC heap before
{Heap before GC invocations=3 (full 0):
 garbage-first heap   total 229376K, used 23529K [0x0000000721000000, 0x0000000800000000)
  region size 1024K, 18 young (18432K), 2 survivors (2048K)
 Metaspace       used 20485K, capacity 21124K, committed 21296K, reserved 1069056K
  class space    used 2332K, capacity 2595K, committed 2688K, reserved 1048576K
}
Event: 1.096 GC heap after
{Heap after GC invocations=4 (full 0):
 garbage-first heap   total 229376K, used 8903K [0x0000000721000000, 0x0000000800000000)
  region size 1024K, 3 young (3072K), 3 survivors (3072K)
 Metaspace       used 20485K, capacity 21124K, committed 21296K, reserved 1069056K
  class space    used 2332K, capacity 2595K, committed 2688K, reserved 1048576K
}
Event: 1.393 GC heap before
{Heap before GC invocations=5 (full 0):
 garbage-first heap   total 229376K, used 47815K [0x0000000721000000, 0x0000000800000000)
  region size 1024K, 42 young (43008K), 3 survivors (3072K)
 Metaspace       used 25476K, capacity 26425K, committed 26672K, reserved 1073152K
  class space    used 2999K, capacity 3375K, committed 3456K, reserved 1048576K
}
Event: 1.398 GC heap after
{Heap after GC invocations=6 (full 0):
 garbage-first heap   total 229376K, used 10959K [0x0000000721000000, 0x0000000800000000)
  region size 1024K, 5 young (5120K), 5 survivors (5120K)
 Metaspace       used 25476K, capacity 26425K, committed 26672K, reserved 1073152K
  class space    used 2999K, capacity 3375K, committed 3456K, reserved 1048576K
}
Event: 2.051 GC heap before
{Heap before GC invocations=6 (full 0):
 garbage-first heap   total 229376K, used 76495K [0x0000000721000000, 0x0000000800000000)
  region size 1024K, 69 young (70656K), 5 survivors (5120K)
 Metaspace       used 30385K, capacity 31529K, committed 31792K, reserved 1077248K
  class space    used 3746K, capacity 4171K, committed 4224K, reserved 1048576K
}
Event: 2.059 GC heap after
{Heap after GC invocations=7 (full 0):
 garbage-first heap   total 275456K, used 13321K [0x0000000721000000, 0x0000000800000000)
  region size 1024K, 7 young (7168K), 7 survivors (7168K)
 Metaspace       used 30385K, capacity 31529K, committed 31792K, reserved 1077248K
  class space    used 3746K, capacity 4171K, committed 4224K, reserved 1048576K
}
Event: 2.421 GC heap before
{Heap before GC invocations=7 (full 0):
 garbage-first heap   total 275456K, used 51209K [0x0000000721000000, 0x0000000800000000)
  region size 1024K, 45 young (46080K), 7 survivors (7168K)
 Metaspace       used 34423K, capacity 35799K, committed 35920K, reserved 1081344K
  class space    used 4259K, capacity 4832K, committed 4864K, reserved 1048576K
}
Event: 2.432 GC heap after
{Heap after GC invocations=8 (full 0):
 garbage-first heap   total 275456K, used 15734K [0x0000000721000000, 0x0000000800000000)
  region size 1024K, 10 young (10240K), 10 survivors (10240K)
 Metaspace       used 34423K, capacity 35799K, committed 35920K, reserved 1081344K
  class space    used 4259K, capacity 4832K, committed 4864K, reserved 1048576K
}
Event: 2.796 GC heap before
{Heap before GC invocations=9 (full 0):
 garbage-first heap   total 275456K, used 48502K [0x0000000721000000, 0x0000000800000000)
  region size 1024K, 44 young (45056K), 10 survivors (10240K)
 Metaspace       used 40080K, capacity 41460K, committed 41500K, reserved 1093632K
  class space    used 4965K, capacity 5542K, committed 5580K, reserved 1048576K
}
Event: 2.807 GC heap after
{Heap after GC invocations=10 (full 0):
 garbage-first heap   total 275456K, used 17143K [0x0000000721000000, 0x0000000800000000)
  region size 1024K, 9 young (9216K), 9 survivors (9216K)
 Metaspace       used 40080K, capacity 41460K, committed 41500K, reserved 1093632K
  class space    used 4965K, capacity 5542K, committed 5580K, reserved 1048576K
}

